<?xml version="1.0" encoding="UTF-8"?>
<testsuite name="community.server.security.PasswordEncryptionTest" tests="1" skipped="0" failures="0" errors="0" timestamp="2024-05-08T06:09:01" hostname="MacBook-Pro-2.local" time="0.035">
  <properties/>
  <testcase name="비밀번호 검증 테스트" classname="community.server.security.PasswordEncryptionTest" time="0.035"/>
  <system-out><![CDATA[]]></system-out>
  <system-err><![CDATA[]]></system-err>
</testsuite>
