<?xml version="1.0" encoding="UTF-8"?>
<testsuite name="community.feature.AccountDepositTest" tests="1" skipped="0" failures="0" errors="0" timestamp="2024-04-18T01:05:56" hostname="MacBook-Pro-2.local" time="0.234">
  <properties/>
  <testcase name="Test Account Not Exists" classname="community.feature.AccountDepositTest" time="0.234"/>
  <system-out><![CDATA[]]></system-out>
  <system-err><![CDATA[]]></system-err>
</testsuite>
